 $ find source -iname "*.png"
source/OpenYo/icon.png
source/OpenYo/icon256.png
source/blog/2014/02/17/1012.png
source/blog/2014/05/13/rank.png
source/blog/2014/05/19/grid.png
source/blog/2014/06/08/googleLoli.png
source/blog/2014/06/08/loli.png
source/blog/2014/06/26/streak.png
source/blog/2014/09/05/gh.png
source/blog/2015/07/08/devide_by_2.10cs.11x4.png
source/blog/2015/07/20/gcd.png
source/blog/2015/10/30/nona_on_fire.png
source/blog/2016/05/28/out-x10.png
source/blog/2016/05/28/out.png
source/blog/2016/09/06/1.png
source/blog/2016/09/06/2.png
source/blog/2016/09/06/3.png
source/blog/2016/10/28/circle_cut.png
source/blog/2017/12/05/paranoma1.png
source/blog/2017/12/05/paranoma2.png
source/blog/2017/12/21/open-dokidokivisual.png
source/blog/2018/01/05/img_map.png
source/errors/img/404-000.png
source/errors/img/404-000_.png
source/errors/img/404-000__.png
source/errors/img/404-000___.png
source/errors/img/404-000____.png
source/errors/img/404-000_____.png
source/errors/img/404-000______.png
source/errors/img/404-000_______.png
source/errors/img/404-000________.png
source/errors/img/404-000_________.png
source/errors/img/404-001.png
source/errors/img/404-002.png
source/errors/img/404-003.png
source/errors/img/404-004.png
source/errors/img/404-005.png
source/errors/img/404-006.png
source/errors/img/404-007.png
source/errors/img/404-008.png
source/errors/img/404-009.png
source/errors/img/404-010.png
source/errors/img/404-011.png
source/errors/img/404-012.png
source/errors/img/404-013.png
source/errors/img/404-014.png
source/errors/img/404-015.png
source/errors/img/404-016.png
source/errors/img/404-017.png
source/errors/img/404-018.png
source/errors/img/404-019.png
source/errors/img/404-020.png
source/errors/img/404-021.png
source/errors/img/404-022.png
source/errors/img/404-023.png
source/errors/img/404-024.png
source/errors/img/404-025.png
source/errors/img/404-026.png
source/errors/img/404-027.png
source/errors/img/404-028.png
source/errors/img/404-029.png
source/errors/img/404-030.png
source/errors/img/404-031.png
source/errors/img/404-032.png
source/errors/img/404-033.png
source/errors/img/404-034.png
source/errors/img/404-035.png
source/errors/img/404-036.png
source/errors/img/404-037.png
source/errors/img/404-038.png
source/errors/img/404-039.png
source/errors/img/404-040.png
source/errors/img/404-041.png
source/errors/img/404-042.png
source/errors/img/404-043.png
source/errors/img/404-044.png
source/errors/img/404-045.png
source/errors/img/404-046.png
source/errors/img/404-047.png
source/errors/img/404-048.png
source/errors/img/404-049.png
source/errors/img/404-050.png
source/errors/img/404-051.png
source/errors/img/404-052.png
source/errors/img/404-053.png
source/errors/img/404-054.png
source/errors/img/404-055.png
source/errors/img/404-056.png
source/errors/img/404-057.png
source/errors/img/404-058.png
source/errors/img/404-059.png
source/errors/img/404-060.png
source/errors/img/404-061.png
source/errors/img/404-062.png
source/errors/img/404-063.png
source/errors/img/404-064.png
source/errors/img/404-065.png
source/errors/img/404-066.png
source/errors/img/404-067.png
source/errors/img/404-068.png
source/errors/img/404-069.png
source/errors/img/404-070.png
source/errors/img/404-071.png
source/errors/img/404-072.png
source/errors/img/404-073.png
source/errors/img/404-074.png
source/errors/img/404-075.png
source/errors/img/404-076.png
source/errors/img/404-077.png
source/errors/img/404-078.png
source/errors/img/404-079.png
source/errors/img/404-080.png
source/errors/img/404-081.png
source/errors/img/404-082.png
source/errors/img/404-083.png
source/errors/img/404-084.png
source/errors/img/404-085.png
source/errors/img/404-086.png
source/errors/img/404-087.png
source/errors/img/404-088.png
source/errors/img/404-089.png
source/errors/img/404-090.png
source/errors/img/404-091.png
source/errors/img/404-092.png
source/errors/img/404-093.png
source/errors/img/404-094.png
source/errors/img/404-095.png
source/errors/img/404-096.png
source/errors/img/404-097.png
source/errors/img/404-098.png
source/errors/img/404-099.png
source/errors/img/404-100.png
source/errors/img/404-101.png
source/errors/img/404-102.png
source/errors/img/404-103.png
source/errors/img/404-104.png
source/errors/img/404-105.png
source/errors/img/404-106.png
source/errors/img/404-107.png
source/errors/img/404-108.png
source/errors/img/404-109.png
source/errors/img/404-110.png
source/errors/img/404-111.png
source/errors/img/404-112.png
source/errors/img/404-113.png
source/errors/img/404-114.png
source/errors/img/404-115.png
source/errors/img/404-116.png
source/errors/img/404-117.png
source/errors/img/404-118.png
source/errors/img/404-119.png
source/errors/img/404-120.png
source/errors/img/404-121.png
source/errors/img/404-122.png
source/errors/img/404-123.png
source/errors/img/404-124.png
source/errors/img/404-125.png
source/errors/img/404-126.png
source/errors/img/404-127.png
source/errors/img/404-128.png
source/errors/img/404-129.png
source/errors/img/404-130.png
source/errors/img/404-131.png
source/errors/img/404-132.png
source/errors/img/404-133.png
source/errors/img/404-134.png
source/errors/img/404-135.png
source/errors/img/404-136.png
source/errors/img/404-137.png
source/errors/img/404-138.png
source/errors/img/404-139.png
source/errors/img/404-140.png
source/errors/img/404-141.png
source/errors/img/404-142.png
source/errors/img/404-143.png
source/errors/img/404-144.png
source/errors/img/404-145.png
source/errors/img/404-146.png
source/errors/img/404-147.png
source/errors/img/404-148.png
source/hstspng.png
source/img/1012-159x.png
source/img/1012-16x16.png
source/img/1012-32x32.png
source/img/1012-ogp.png
source/img/1012-piet-x10.png
source/img/1012.png
source/img/1x1.png
source/img/OpenYo-16x16.png
source/img/OpenYo-64x64.png
source/img/cc-by-sa_88x31.png
source/img/feed.png
source/img/glider.png
source/img/glider20.png
source/img/headerMenu.png
source/img/OpenYo-20x20.png
source/img/piet.png
source/lifepng/life/alive.png
source/lifepng/life/dead.png
source/lifepng/life/horizon.png
source/lifepng/life/padding.png
source/lifepng/life/vertical.png
source/piet/images/c91/10out.png
source/piet/images/c91/10out3.png
source/piet/images/c91/10out4.png
source/piet/images/c91/mig10.png
source/piet/images/c91/mig2.png-10.png
source/piet/images/c91/mig3.png-10.png
source/piet/images/c91/out6.png-10.png

 $ find source -iname "*.png" -exec zopflipng -m -y '{}' '{}' \;
Optimizing source/OpenYo/icon.png
Filter strategy zero: 86 bytes
Result is smaller
Input size: 167 (0K)
Result size: 86 (0K). Percentage of original: 51.497%

Optimizing source/OpenYo/icon256.png
Filter strategy zero: 103 bytes
Result has exact same size
Input size: 103 (0K)
Result size: 103 (0K). Percentage of original: 100.000%

Optimizing source/blog/2014/02/17/1012.png
Filter strategy predefined: 287878 bytes
Result is smaller
Input size: 302044 (294K)
Result size: 287878 (281K). Percentage of original: 95.310%

Optimizing source/blog/2014/05/13/rank.png
Filter strategy zero: 8888 bytes
Result is smaller
Input size: 9815 (9K)
Result size: 8888 (8K). Percentage of original: 90.555%

Optimizing source/blog/2014/05/19/grid.png
Filter strategy zero: 12758 bytes
Result is smaller
Input size: 13911 (13K)
Result size: 12758 (12K). Percentage of original: 91.712%

Optimizing source/blog/2014/06/08/googleLoli.png
Filter strategy zero: 19064 bytes
Result is smaller
Input size: 22085 (21K)
Result size: 19064 (18K). Percentage of original: 86.321%

Optimizing source/blog/2014/06/08/loli.png
Filter strategy zero: 12430 bytes
Result is smaller
Input size: 14348 (14K)
Result size: 12430 (12K). Percentage of original: 86.632%

Optimizing source/blog/2014/06/26/streak.png
Filter strategy zero: 1789 bytes
Result is smaller
Input size: 2182 (2K)
Result size: 1789 (1K). Percentage of original: 81.989%

Optimizing source/blog/2014/09/05/gh.png
Filter strategy zero: 15341 bytes
Result is smaller
Input size: 16241 (15K)
Result size: 15341 (14K). Percentage of original: 94.458%

Optimizing source/blog/2015/07/08/devide_by_2.10cs.11x4.png
Filter strategy one: 172 bytes
Result is smaller
Input size: 851 (0K)
Result size: 172 (0K). Percentage of original: 20.212%

Optimizing source/blog/2015/07/20/gcd.png
Filter strategy entropy: 2348 bytes
Result is smaller
Input size: 2559 (2K)
Result size: 2348 (2K). Percentage of original: 91.755%

Optimizing source/blog/2015/10/30/nona_on_fire.png
Filter strategy zero: 23300 bytes
Result is smaller
Input size: 26582 (25K)
Result size: 23300 (22K). Percentage of original: 87.653%

Optimizing source/blog/2016/05/28/out-x10.png
Filter strategy minimum sum: 320 bytes
Result is smaller
Input size: 379 (0K)
Result size: 320 (0K). Percentage of original: 84.433%

Optimizing source/blog/2016/05/28/out.png
Filter strategy zero: 153 bytes
Result is smaller
Input size: 201 (0K)
Result size: 153 (0K). Percentage of original: 76.119%

Optimizing source/blog/2016/09/06/1.png
Filter strategy zero: 11104 bytes
Result is smaller
Input size: 13035 (12K)
Result size: 11104 (10K). Percentage of original: 85.186%

Optimizing source/blog/2016/09/06/2.png
Filter strategy zero: 11163 bytes
Result is smaller
Input size: 13046 (12K)
Result size: 11163 (10K). Percentage of original: 85.566%

Optimizing source/blog/2016/09/06/3.png
Filter strategy zero: 11174 bytes
Result is smaller
Input size: 13059 (12K)
Result size: 11174 (10K). Percentage of original: 85.566%

Optimizing source/blog/2016/10/28/circle_cut.png
Filter strategy zero: 35052 bytes
Result is smaller
Input size: 37632 (36K)
Result size: 35052 (34K). Percentage of original: 93.144%

Optimizing source/blog/2017/12/05/paranoma1.png
Filter strategy entropy: 28803 bytes
Result is smaller
Input size: 29099 (28K)
Result size: 28803 (28K). Percentage of original: 98.983%

Optimizing source/blog/2017/12/05/paranoma2.png
Block splitting last was better
Filter strategy entropy: 19005 bytes
Result is smaller
Input size: 19296 (18K)
Result size: 19005 (18K). Percentage of original: 98.492%

Optimizing source/blog/2017/12/21/open-dokidokivisual.png
Filter strategy four: 780251 bytes
Result is smaller
Input size: 802976 (784K)
Result size: 780251 (761K). Percentage of original: 97.170%

Optimizing source/blog/2018/01/05/img_map.png
Block splitting last was better
Filter strategy zero: 71714 bytes
Result is smaller
Input size: 81417 (79K)
Result size: 71714 (70K). Percentage of original: 88.082%

Optimizing source/errors/img/404-000.png
Filter strategy zero: 566 bytes                                                                                                                                                     
[39/1026]Result is smaller
Input size: 624 (0K)
Result size: 566 (0K). Percentage of original: 90.705%

Optimizing source/errors/img/404-000_.png
Filter strategy zero: 566 bytes
Result is smaller
Input size: 624 (0K)
Result size: 566 (0K). Percentage of original: 90.705%

Optimizing source/errors/img/404-000__.png
Filter strategy zero: 566 bytes
Result is smaller
Input size: 624 (0K)
Result size: 566 (0K). Percentage of original: 90.705%

Optimizing source/errors/img/404-000___.png
Filter strategy zero: 566 bytes
Result is smaller
Input size: 624 (0K)
Result size: 566 (0K). Percentage of original: 90.705%

Optimizing source/errors/img/404-000____.png
Filter strategy zero: 566 bytes
Result is smaller
Input size: 624 (0K)
Result size: 566 (0K). Percentage of original: 90.705%

Optimizing source/errors/img/404-000_____.png
Filter strategy zero: 566 bytes
Result is smaller
Input size: 624 (0K)
Result size: 566 (0K). Percentage of original: 90.705%

Optimizing source/errors/img/404-000______.png
Filter strategy zero: 566 bytes
Result is smaller
Input size: 624 (0K)
Result size: 566 (0K). Percentage of original: 90.705%

Optimizing source/errors/img/404-000_______.png
Filter strategy zero: 566 bytes
Result is smaller
Input size: 624 (0K)
Result size: 566 (0K). Percentage of original: 90.705%

Optimizing source/errors/img/404-000_____.png
Filter strategy zero: 566 bytes
Result is smaller
Input size: 624 (0K)
Result size: 566 (0K). Percentage of original: 90.705%

Optimizing source/errors/img/404-000______.png
Filter strategy zero: 566 bytes
Result is smaller
Input size: 624 (0K)
Result size: 566 (0K). Percentage of original: 90.705%

Optimizing source/errors/img/404-000_______.png
Filter strategy zero: 566 bytes
Result is smaller
Input size: 624 (0K)
Result size: 566 (0K). Percentage of original: 90.705%

Optimizing source/errors/img/404-000________.png
Filter strategy zero: 566 bytes
Result is smaller
Input size: 624 (0K)
Result size: 566 (0K). Percentage of original: 90.705%

Optimizing source/errors/img/404-000_________.png
Filter strategy zero: 566 bytes
Result is smaller
Input size: 624 (0K)
Result size: 566 (0K). Percentage of original: 90.705%

Optimizing source/errors/img/404-001.png                                                                                                                                             
[7/1053]Block splitting last was better
Block splitting last was better
Filter strategy zero: 687 bytes
Result is smaller
Input size: 755 (0K)
Result size: 687 (0K). Percentage of original: 90.993%

Optimizing source/errors/img/404-002.png
Filter strategy zero: 661 bytes
Result is smaller
Input size: 729 (0K)
Result size: 661 (0K). Percentage of original: 90.672%

Optimizing source/errors/img/404-003.png
Filter strategy zero: 625 bytes
Result is smaller
Input size: 678 (0K)
Result size: 625 (0K). Percentage of original: 92.183%

Optimizing source/errors/img/404-004.png
Block splitting last was better
Filter strategy zero: 655 bytes
Result is smaller
Input size: 713 (0K)
Result size: 655 (0K). Percentage of original: 91.865%

Optimizing source/errors/img/404-005.png
Filter strategy zero: 595 bytes
Result is smaller
Input size: 638 (0K)
Result size: 595 (0K). Percentage of original: 93.260%

Optimizing source/errors/img/404-006.png
Filter strategy zero: 609 bytes
Result is smaller
Input size: 650 (0K)
Result size: 609 (0K). Percentage of original: 93.692%

Optimizing source/errors/img/404-007.png
Block splitting last was better
Block splitting last was better
Filter strategy zero: 621 bytes
Result is smaller
Input size: 674 (0K)
Result size: 621 (0K). Percentage of original: 92.136%

Optimizing source/errors/img/404-008.png
Block splitting last was better
Filter strategy zero: 666 bytes
Result is smaller
Input size: 728 (0K)
Result size: 666 (0K). Percentage of original: 91.484%

Optimizing source/errors/img/404-009.png
Block splitting last was better
Filter strategy zero: 657 bytes
Result is smaller
Input size: 722 (0K)
Result size: 657 (0K). Percentage of original: 90.997%

Optimizing source/errors/img/404-010.png
Block splitting last was better
Block splitting last was better
Filter strategy zero: 696 bytes
Result is smaller
Input size: 749 (0K)
Result size: 696 (0K). Percentage of original: 92.924%

Optimizing source/errors/img/404-011.png
Block splitting last was better
Block splitting last was better
Filter strategy zero: 691 bytes
Result is smaller
Input size: 766 (0K)
Result size: 691 (0K). Percentage of original: 90.209%

Optimizing source/errors/img/404-012.png
Block splitting last was better
Filter strategy zero: 703 bytes
Result is smaller
Input size: 757 (0K)
Result size: 703 (0K). Percentage of original: 92.867%

Optimizing source/errors/img/404-013.png
Filter strategy zero: 681 bytes
Result is smaller
Input size: 735 (0K)
Result size: 681 (0K). Percentage of original: 92.653%

Optimizing source/errors/img/404-014.png
Filter strategy zero: 652 bytes
Result is smaller
Input size: 708 (0K)
Result size: 652 (0K). Percentage of original: 92.090%

Optimizing source/errors/img/404-015.png
Filter strategy zero: 693 bytes
Result is smaller
Input size: 768 (0K)
Result size: 693 (0K). Percentage of original: 90.234%

Optimizing source/errors/img/404-016.png
Block splitting last was better
Filter strategy zero: 698 bytes
Result is smaller
Input size: 755 (0K)
Result size: 698 (0K). Percentage of original: 92.450%

Optimizing source/errors/img/404-017.png
Block splitting last was better
Filter strategy zero: 750 bytes
Result is smaller
Input size: 814 (0K)
Result size: 750 (0K). Percentage of original: 92.138%

Optimizing source/errors/img/404-018.png
Block splitting last was better
Filter strategy zero: 722 bytes
Result is smaller
Input size: 774 (0K)
Result size: 722 (0K). Percentage of original: 93.282%

Optimizing source/errors/img/404-019.png
Filter strategy zero: 729 bytes
Result is smaller
Input size: 794 (0K)
Result size: 729 (0K). Percentage of original: 91.814%

Optimizing source/errors/img/404-020.png
Block splitting last was better
Filter strategy zero: 747 bytes
Result is smaller
Input size: 820 (0K)
Result size: 747 (0K). Percentage of original: 91.098%

Optimizing source/errors/img/404-021.png
Block splitting last was better
Filter strategy zero: 726 bytes
Result is smaller
Input size: 798 (0K)
Result size: 726 (0K). Percentage of original: 90.977%

Optimizing source/errors/img/404-022.png
Filter strategy zero: 734 bytes
Result is smaller
Input size: 796 (0K)
Result size: 734 (0K). Percentage of original: 92.211%

Optimizing source/errors/img/404-023.png
Filter strategy zero: 696 bytes
Result is smaller
Input size: 748 (0K)
Result size: 696 (0K). Percentage of original: 93.048%

Optimizing source/errors/img/404-024.png
Filter strategy zero: 659 bytes
Result is smaller
Input size: 695 (0K)
Result size: 659 (0K). Percentage of original: 94.820%

Optimizing source/errors/img/404-025.png
Filter strategy zero: 686 bytes
Result is smaller
Input size: 763 (0K)
Result size: 686 (0K). Percentage of original: 89.908%

Optimizing source/errors/img/404-026.png
Filter strategy zero: 697 bytes
Result has exact same size
Input size: 697 (0K)
Result size: 697 (0K). Percentage of original: 100.000%

Optimizing source/errors/img/404-027.png
Block splitting last was better
Filter strategy zero: 636 bytes
Result is smaller
Input size: 688 (0K)
Result size: 636 (0K). Percentage of original: 92.442%

Optimizing source/errors/img/404-028.png
Block splitting last was better
Block splitting last was better
Filter strategy zero: 614 bytes
Result is smaller
Input size: 674 (0K)
Result size: 614 (0K). Percentage of original: 91.098%

Optimizing source/errors/img/404-029.png
Block splitting last was better
Filter strategy zero: 607 bytes
Result is smaller
Input size: 671 (0K)
Result size: 607 (0K). Percentage of original: 90.462%

Optimizing source/errors/img/404-030.png
Block splitting last was better
Filter strategy zero: 629 bytes
Result is smaller
Input size: 690 (0K)
Result size: 629 (0K). Percentage of original: 91.159%

Optimizing source/errors/img/404-031.png
Block splitting last was better
Filter strategy zero: 664 bytes
Result is smaller
Input size: 722 (0K)
Result size: 664 (0K). Percentage of original: 91.967%

Optimizing source/errors/img/404-032.png
Block splitting last was better
Filter strategy zero: 680 bytes
Result is smaller
Input size: 737 (0K)
Result size: 680 (0K). Percentage of original: 92.266%

Optimizing source/errors/img/404-033.png
Block splitting last was better
Filter strategy zero: 657 bytes
Result is smaller
Input size: 729 (0K)
Result size: 657 (0K). Percentage of original: 90.123%

Optimizing source/errors/img/404-034.png
Block splitting last was better
Filter strategy zero: 718 bytes
Result is smaller
Input size: 792 (0K)
Result size: 718 (0K). Percentage of original: 90.657%

Optimizing source/errors/img/404-035.png
Block splitting last was better
Filter strategy zero: 669 bytes
Result is smaller
Input size: 745 (0K)
Result size: 669 (0K). Percentage of original: 89.799%

Optimizing source/errors/img/404-036.png
Block splitting last was better
Filter strategy zero: 745 bytes
Result is smaller
Input size: 817 (0K)
Result size: 745 (0K). Percentage of original: 91.187%

Optimizing source/errors/img/404-037.png
Filter strategy zero: 715 bytes
Result is smaller
Input size: 789 (0K)
Result size: 715 (0K). Percentage of original: 90.621%

Optimizing source/errors/img/404-038.png
Block splitting last was better
Filter strategy zero: 645 bytes
Result is smaller
Input size: 690 (0K)
Result size: 645 (0K). Percentage of original: 93.478%

Optimizing source/errors/img/404-039.png
Filter strategy zero: 703 bytes
Result is smaller
Input size: 773 (0K)
Result size: 703 (0K). Percentage of original: 90.944%

Optimizing source/errors/img/404-040.png
Block splitting last was better
Block splitting last was better
Filter strategy zero: 709 bytes
Result is smaller
Input size: 772 (0K)
Result size: 709 (0K). Percentage of original: 91.839%

Optimizing source/errors/img/404-041.png
Block splitting last was better
Filter strategy zero: 702 bytes
Result is smaller
Input size: 772 (0K)
Result size: 702 (0K). Percentage of original: 90.933%

Optimizing source/errors/img/404-042.png
Filter strategy zero: 664 bytes
Result is smaller
Input size: 723 (0K)
Result size: 664 (0K). Percentage of original: 91.840%

Optimizing source/errors/img/404-043.png
Block splitting last was better
Filter strategy zero: 664 bytes
Result is smaller
Input size: 730 (0K)
Result size: 664 (0K). Percentage of original: 90.959%

Optimizing source/errors/img/404-044.png
Block splitting last was better
Filter strategy zero: 657 bytes
Result is smaller
Input size: 721 (0K)
Result size: 657 (0K). Percentage of original: 91.123%

Optimizing source/errors/img/404-045.png
Block splitting last was better
Filter strategy zero: 683 bytes
Result is smaller
Input size: 762 (0K)
Result size: 683 (0K). Percentage of original: 89.633%

Optimizing source/errors/img/404-046.png
Filter strategy zero: 663 bytes
Result is smaller
Input size: 727 (0K)
Result size: 663 (0K). Percentage of original: 91.197%

Optimizing source/errors/img/404-047.png
Filter strategy zero: 672 bytes
Result is smaller
Input size: 748 (0K)
Result size: 672 (0K). Percentage of original: 89.840%

Optimizing source/errors/img/404-048.png
Block splitting last was better
Filter strategy zero: 675 bytes
Result is smaller
Input size: 725 (0K)
Result size: 675 (0K). Percentage of original: 93.103%

Optimizing source/errors/img/404-049.png
Block splitting last was better
Filter strategy zero: 705 bytes
Result is smaller
Input size: 784 (0K)
Result size: 705 (0K). Percentage of original: 89.923%

Optimizing source/errors/img/404-050.png
Filter strategy zero: 718 bytes
Result is smaller
Input size: 801 (0K)
Result size: 718 (0K). Percentage of original: 89.638%

Optimizing source/errors/img/404-051.png
Block splitting last was better
Filter strategy zero: 730 bytes
Result is smaller
Input size: 796 (0K)
Result size: 730 (0K). Percentage of original: 91.709%

Optimizing source/errors/img/404-052.png
Block splitting last was better
Filter strategy zero: 742 bytes
Result is smaller
Input size: 830 (0K)
Result size: 742 (0K). Percentage of original: 89.398%

Optimizing source/errors/img/404-053.png
Filter strategy zero: 709 bytes
Result is smaller
Input size: 776 (0K)
Result size: 709 (0K). Percentage of original: 91.366%

Optimizing source/errors/img/404-054.png
Filter strategy zero: 742 bytes
Result is smaller
Input size: 809 (0K)
Result size: 742 (0K). Percentage of original: 91.718%

Optimizing source/errors/img/404-055.png
Block splitting last was better
Block splitting last was better
Filter strategy zero: 754 bytes
Result is smaller
Input size: 846 (0K)
Result size: 754 (0K). Percentage of original: 89.125%

Optimizing source/errors/img/404-056.png
Block splitting last was better
Filter strategy zero: 724 bytes
Result is smaller
Input size: 825 (0K)
Result size: 724 (0K). Percentage of original: 87.758%

Optimizing source/errors/img/404-057.png
Filter strategy zero: 702 bytes
Result is smaller
Input size: 772 (0K)
Result size: 702 (0K). Percentage of original: 90.933%

Optimizing source/errors/img/404-058.png
Block splitting last was better
Filter strategy zero: 683 bytes
Result is smaller
Input size: 749 (0K)
Result size: 683 (0K). Percentage of original: 91.188%

Optimizing source/errors/img/404-059.png
Filter strategy zero: 697 bytes
Result is smaller
Input size: 768 (0K)
Result size: 697 (0K). Percentage of original: 90.755%

Optimizing source/errors/img/404-060.png
Filter strategy zero: 729 bytes
Result is smaller
Input size: 793 (0K)
Result size: 729 (0K). Percentage of original: 91.929%

Optimizing source/errors/img/404-061.png
Filter strategy zero: 687 bytes
Result is smaller
Input size: 755 (0K)
Result size: 687 (0K). Percentage of original: 90.993%

Optimizing source/errors/img/404-062.png
Filter strategy zero: 675 bytes
Result is smaller
Input size: 716 (0K)
Result size: 675 (0K). Percentage of original: 94.274%

Optimizing source/errors/img/404-063.png
Filter strategy zero: 646 bytes
Result is smaller
Input size: 699 (0K)
Result size: 646 (0K). Percentage of original: 92.418%

Optimizing source/errors/img/404-064.png
Filter strategy zero: 648 bytes
Result is smaller
Input size: 699 (0K)
Result size: 648 (0K). Percentage of original: 92.704%

Optimizing source/errors/img/404-065.png
Filter strategy zero: 575 bytes
Result is smaller
Input size: 627 (0K)
Result size: 575 (0K). Percentage of original: 91.707%

Optimizing source/errors/img/404-066.png
Filter strategy zero: 639 bytes
Result is smaller
Input size: 688 (0K)
Result size: 639 (0K). Percentage of original: 92.878%

Optimizing source/errors/img/404-067.png
Block splitting last was better
Filter strategy zero: 577 bytes
Result is smaller
Input size: 630 (0K)
Result size: 577 (0K). Percentage of original: 91.587%

Optimizing source/errors/img/404-068.png
Filter strategy zero: 598 bytes
Result is smaller
Input size: 673 (0K)
Result size: 598 (0K). Percentage of original: 88.856%

Optimizing source/errors/img/404-069.png
Block splitting last was better
Filter strategy zero: 572 bytes
Result is smaller
Input size: 616 (0K)
Result size: 572 (0K). Percentage of original: 92.857%

Optimizing source/errors/img/404-070.png
Block splitting last was better
Filter strategy zero: 585 bytes
Result is smaller
Input size: 630 (0K)
Result size: 585 (0K). Percentage of original: 92.857%

Optimizing source/errors/img/404-071.png
Block splitting last was better
Block splitting last was better
Filter strategy zero: 587 bytes
Result is smaller
Input size: 639 (0K)
Result size: 587 (0K). Percentage of original: 91.862%

Optimizing source/errors/img/404-072.png
Block splitting last was better
Filter strategy zero: 558 bytes
Result is smaller
Input size: 622 (0K)
Result size: 558 (0K). Percentage of original: 89.711%

Optimizing source/errors/img/404-073.png
Block splitting last was better
Filter strategy zero: 525 bytes
Result is smaller
Input size: 570 (0K)
Result size: 525 (0K). Percentage of original: 92.105%

Optimizing source/errors/img/404-074.png
Filter strategy zero: 472 bytes
Result is smaller
Input size: 505 (0K)
Result size: 472 (0K). Percentage of original: 93.465%

Optimizing source/errors/img/404-075.png
Filter strategy zero: 448 bytes
Result is smaller
Input size: 490 (0K)
Result size: 448 (0K). Percentage of original: 91.429%

Optimizing source/errors/img/404-076.png
Filter strategy zero: 504 bytes
Result is smaller
Input size: 545 (0K)
Result size: 504 (0K). Percentage of original: 92.477%

Optimizing source/errors/img/404-077.png
Block splitting last was better
Filter strategy zero: 450 bytes
Result is smaller
Input size: 487 (0K)
Result size: 450 (0K). Percentage of original: 92.402%

Optimizing source/errors/img/404-078.png
Filter strategy zero: 545 bytes
Result is smaller
Input size: 597 (0K)
Result size: 545 (0K). Percentage of original: 91.290%

Optimizing source/errors/img/404-079.png
Block splitting last was better
Filter strategy zero: 559 bytes
Result is smaller
Input size: 631 (0K)
Result size: 559 (0K). Percentage of original: 88.590%

Optimizing source/errors/img/404-080.png
Filter strategy zero: 559 bytes
Result is smaller
Input size: 623 (0K)
Result size: 559 (0K). Percentage of original: 89.727%

Optimizing source/errors/img/404-081.png
Filter strategy zero: 567 bytes
Result is smaller
Input size: 621 (0K)
Result size: 567 (0K). Percentage of original: 91.304%

Optimizing source/errors/img/404-082.png
Filter strategy zero: 605 bytes
Result is smaller
Input size: 680 (0K)
Result size: 605 (0K). Percentage of original: 88.971%

Optimizing source/errors/img/404-083.png
Filter strategy zero: 605 bytes
Result is smaller
Input size: 666 (0K)
Result size: 605 (0K). Percentage of original: 90.841%

Optimizing source/errors/img/404-084.png
Block splitting last was better
Filter strategy zero: 657 bytes
Result is smaller
Input size: 728 (0K)
Result size: 657 (0K). Percentage of original: 90.247%

Optimizing source/errors/img/404-085.png
Filter strategy zero: 628 bytes
Result is smaller
Input size: 687 (0K)
Result size: 628 (0K). Percentage of original: 91.412%

Optimizing source/errors/img/404-086.png
Filter strategy zero: 632 bytes
Result is smaller
Input size: 700 (0K)
Result size: 632 (0K). Percentage of original: 90.286%

Optimizing source/errors/img/404-087.png
Filter strategy zero: 608 bytes
Result is smaller
Input size: 666 (0K)
Result size: 608 (0K). Percentage of original: 91.291%

Optimizing source/errors/img/404-088.png
Filter strategy zero: 666 bytes
Result is smaller
Input size: 739 (0K)
Result size: 666 (0K). Percentage of original: 90.122%

Optimizing source/errors/img/404-089.png
Block splitting last was better
Filter strategy zero: 717 bytes
Result is smaller
Input size: 787 (0K)
Result size: 717 (0K). Percentage of original: 91.105%

Optimizing source/errors/img/404-090.png
Block splitting last was better
Filter strategy zero: 721 bytes
Result is smaller
Input size: 806 (0K)
Result size: 721 (0K). Percentage of original: 89.454%

Optimizing source/errors/img/404-091.png
Filter strategy zero: 775 bytes
Result is smaller
Input size: 850 (0K)
Result size: 775 (0K). Percentage of original: 91.176%

Optimizing source/errors/img/404-092.png
Filter strategy zero: 786 bytes
Result is smaller
Input size: 863 (0K)
Result size: 786 (0K). Percentage of original: 91.078%

Optimizing source/errors/img/404-093.png
Block splitting last was better
Filter strategy zero: 806 bytes
Result is smaller
Input size: 897 (0K)
Result size: 806 (0K). Percentage of original: 89.855%

Optimizing source/errors/img/404-094.png
Block splitting last was better
Filter strategy zero: 789 bytes
Result is smaller
Input size: 869 (0K)
Result size: 789 (0K). Percentage of original: 90.794%

Optimizing source/errors/img/404-095.png
Filter strategy zero: 827 bytes
Result is smaller
Input size: 922 (0K)
Result size: 827 (0K). Percentage of original: 89.696%

Optimizing source/errors/img/404-096.png
Block splitting last was better
Filter strategy zero: 782 bytes
Result is smaller
Input size: 866 (0K)
Result size: 782 (0K). Percentage of original: 90.300%

Optimizing source/errors/img/404-097.png
Filter strategy zero: 745 bytes
Result is smaller
Input size: 842 (0K)
Result size: 745 (0K). Percentage of original: 88.480%

Optimizing source/errors/img/404-098.png
Block splitting last was better
Filter strategy zero: 781 bytes
Result is smaller
Input size: 836 (0K)
Result size: 781 (0K). Percentage of original: 93.421%

Optimizing source/errors/img/404-099.png
Block splitting last was better
Filter strategy zero: 815 bytes
Result is smaller
Input size: 879 (0K)
Result size: 815 (0K). Percentage of original: 92.719%

Optimizing source/errors/img/404-100.png
Filter strategy zero: 781 bytes
Result is smaller
Input size: 870 (0K)
Result size: 781 (0K). Percentage of original: 89.770%

Optimizing source/errors/img/404-101.png
Block splitting last was better
Filter strategy zero: 839 bytes
Result is smaller
Input size: 923 (0K)
Result size: 839 (0K). Percentage of original: 90.899%

Optimizing source/errors/img/404-102.png
Filter strategy zero: 808 bytes
Result is smaller
Input size: 859 (0K)
Result size: 808 (0K). Percentage of original: 94.063%

Optimizing source/errors/img/404-103.png
Filter strategy zero: 763 bytes
Result is smaller
Input size: 823 (0K)
Result size: 763 (0K). Percentage of original: 92.710%

Optimizing source/errors/img/404-104.png
Filter strategy zero: 764 bytes
Result is smaller
Input size: 832 (0K)
Result size: 764 (0K). Percentage of original: 91.827%

Optimizing source/errors/img/404-105.png
Block splitting last was better
Block splitting last was better
Filter strategy zero: 770 bytes
Result is smaller
Input size: 826 (0K)
Result size: 770 (0K). Percentage of original: 93.220%

Optimizing source/errors/img/404-106.png
Filter strategy zero: 737 bytes
Result is smaller
Input size: 802 (0K)
Result size: 737 (0K). Percentage of original: 91.895%

Optimizing source/errors/img/404-107.png
Block splitting last was better
Filter strategy zero: 742 bytes
Result is smaller
Input size: 802 (0K)
Result size: 742 (0K). Percentage of original: 92.519%

Optimizing source/errors/img/404-108.png
Block splitting last was better
Filter strategy zero: 795 bytes
Result is smaller
Input size: 855 (0K)
Result size: 795 (0K). Percentage of original: 92.982%

Optimizing source/errors/img/404-109.png
Block splitting last was better
Block splitting last was better
Filter strategy zero: 789 bytes
Result is smaller
Input size: 843 (0K)
Result size: 789 (0K). Percentage of original: 93.594%

Optimizing source/errors/img/404-110.png
Block splitting last was better
Filter strategy zero: 860 bytes
Result is smaller
Input size: 938 (0K)
Result size: 860 (0K). Percentage of original: 91.684%

Optimizing source/errors/img/404-111.png
Block splitting last was better
Filter strategy zero: 886 bytes
Result is smaller
Input size: 969 (0K)
Result size: 886 (0K). Percentage of original: 91.434%

Optimizing source/errors/img/404-112.png
Filter strategy zero: 816 bytes
Result is smaller
Input size: 879 (0K)
Result size: 816 (0K). Percentage of original: 92.833%

Optimizing source/errors/img/404-113.png
Filter strategy zero: 825 bytes
Result is smaller
Input size: 896 (0K)
Result size: 825 (0K). Percentage of original: 92.076%

Optimizing source/errors/img/404-114.png
Filter strategy zero: 855 bytes
Result is smaller
Input size: 922 (0K)
Result size: 855 (0K). Percentage of original: 92.733%

Optimizing source/errors/img/404-115.png
Filter strategy zero: 847 bytes
Result is smaller
Input size: 919 (0K)
Result size: 847 (0K). Percentage of original: 92.165%

Optimizing source/errors/img/404-116.png
Block splitting last was better
Filter strategy zero: 855 bytes
Result is smaller
Input size: 939 (0K)
Result size: 855 (0K). Percentage of original: 91.054%

Optimizing source/errors/img/404-117.png
Block splitting last was better
Filter strategy zero: 871 bytes
Result is smaller
Input size: 944 (0K)
Result size: 871 (0K). Percentage of original: 92.267%

Optimizing source/errors/img/404-118.png
Filter strategy zero: 883 bytes
Result is smaller
Input size: 956 (0K)
Result size: 883 (0K). Percentage of original: 92.364%

Optimizing source/errors/img/404-119.png
Filter strategy zero: 842 bytes
Result is smaller
Input size: 913 (0K)
Result size: 842 (0K). Percentage of original: 92.223%

Optimizing source/errors/img/404-120.png
Filter strategy zero: 781 bytes
Result is smaller
Input size: 833 (0K)
Result size: 781 (0K). Percentage of original: 93.758%

Optimizing source/errors/img/404-121.png
Filter strategy zero: 792 bytes
Result is smaller
Input size: 860 (0K)
Result size: 792 (0K). Percentage of original: 92.093%

Optimizing source/errors/img/404-122.png
Filter strategy zero: 809 bytes
Result is smaller
Input size: 870 (0K)
Result size: 809 (0K). Percentage of original: 92.989%

Optimizing source/errors/img/404-123.png
Filter strategy zero: 796 bytes
Result is smaller
Input size: 850 (0K)
Result size: 796 (0K). Percentage of original: 93.647%

Optimizing source/errors/img/404-124.png
Filter strategy zero: 847 bytes
Result is smaller
Input size: 924 (0K)
Result size: 847 (0K). Percentage of original: 91.667%

Optimizing source/errors/img/404-125.png
Filter strategy zero: 832 bytes
Result is smaller
Input size: 912 (0K)
Result size: 832 (0K). Percentage of original: 91.228%

Optimizing source/errors/img/404-126.png
Filter strategy zero: 805 bytes
Result is smaller
Input size: 895 (0K)
Result size: 805 (0K). Percentage of original: 89.944%

Optimizing source/errors/img/404-127.png
Block splitting last was better
Filter strategy zero: 804 bytes
Result is smaller
Input size: 900 (0K)
Result size: 804 (0K). Percentage of original: 89.333%

Optimizing source/errors/img/404-128.png
Block splitting last was better
Filter strategy zero: 815 bytes
Result is smaller
Input size: 890 (0K)
Result size: 815 (0K). Percentage of original: 91.573%

Optimizing source/errors/img/404-129.png
Filter strategy zero: 850 bytes
Result is smaller
Input size: 923 (0K)
Result size: 850 (0K). Percentage of original: 92.091%

Optimizing source/errors/img/404-130.png
Block splitting last was better
Filter strategy zero: 755 bytes
Result is smaller
Input size: 832 (0K)
Result size: 755 (0K). Percentage of original: 90.745%

Optimizing source/errors/img/404-131.png
Filter strategy zero: 783 bytes
Result is smaller
Input size: 873 (0K)
Result size: 783 (0K). Percentage of original: 89.691%

Optimizing source/errors/img/404-132.png
Block splitting last was better
Filter strategy zero: 741 bytes
Result is smaller
Input size: 805 (0K)
Result size: 741 (0K). Percentage of original: 92.050%

Optimizing source/errors/img/404-133.png
Filter strategy zero: 682 bytes
Result is smaller
Input size: 754 (0K)
Result size: 682 (0K). Percentage of original: 90.451%

Optimizing source/errors/img/404-134.png
Filter strategy zero: 648 bytes
Result is smaller
Input size: 693 (0K)
Result size: 648 (0K). Percentage of original: 93.506%

Optimizing source/errors/img/404-135.png
Filter strategy zero: 622 bytes
Result is smaller
Input size: 674 (0K)
Result size: 622 (0K). Percentage of original: 92.285%

Optimizing source/errors/img/404-136.png
Filter strategy zero: 570 bytes
Result is smaller
Input size: 622 (0K)
Result size: 570 (0K). Percentage of original: 91.640%

Optimizing source/errors/img/404-137.png
Filter strategy zero: 571 bytes
Result is smaller
Input size: 622 (0K)
Result size: 571 (0K). Percentage of original: 91.801%

Optimizing source/errors/img/404-138.png
Filter strategy zero: 544 bytes
Result is smaller
Input size: 584 (0K)
Result size: 544 (0K). Percentage of original: 93.151%

Optimizing source/errors/img/404-139.png
Filter strategy zero: 532 bytes
Result is smaller
Input size: 577 (0K)
Result size: 532 (0K). Percentage of original: 92.201%

Optimizing source/errors/img/404-140.png
Filter strategy zero: 519 bytes
Result is smaller
Input size: 547 (0K)
Result size: 519 (0K). Percentage of original: 94.881%

Optimizing source/errors/img/404-141.png
Filter strategy zero: 502 bytes
Result is smaller
Input size: 543 (0K)
Result size: 502 (0K). Percentage of original: 92.449%

Optimizing source/errors/img/404-142.png
Filter strategy zero: 470 bytes
Result is smaller
Input size: 503 (0K)
Result size: 470 (0K). Percentage of original: 93.439%

Optimizing source/errors/img/404-143.png
Filter strategy zero: 423 bytes
Result is smaller
Input size: 460 (0K)
Result size: 423 (0K). Percentage of original: 91.957%

Optimizing source/errors/img/404-144.png
Filter strategy zero: 438 bytes
Result is smaller
Input size: 477 (0K)
Result size: 438 (0K). Percentage of original: 91.824%

Optimizing source/errors/img/404-145.png
Filter strategy zero: 423 bytes
Result is smaller
Input size: 460 (0K)
Result size: 423 (0K). Percentage of original: 91.957%

Optimizing source/errors/img/404-146.png
Filter strategy zero: 438 bytes
Result is smaller
Input size: 477 (0K)
Result size: 438 (0K). Percentage of original: 91.824%

Optimizing source/errors/img/404-147.png
Filter strategy zero: 423 bytes
Result is smaller
Input size: 460 (0K)
Result size: 423 (0K). Percentage of original: 91.957%

Optimizing source/errors/img/404-148.png
Filter strategy zero: 438 bytes
Result is smaller
Input size: 477 (0K)
Result size: 438 (0K). Percentage of original: 91.824%

Optimizing source/hstspng.png
Filter strategy zero: 117 bytes
Result is smaller
Input size: 179 (0K)
Result size: 117 (0K). Percentage of original: 65.363%

Optimizing source/img/1012-159x.png
Block splitting last was better
Filter strategy zero: 9534 bytes
Result is smaller
Input size: 10116 (9K)
Result size: 9534 (9K). Percentage of original: 94.247%

Optimizing source/img/1012-16x16.png
Filter strategy zero: 431 bytes
Result is smaller
Input size: 576 (0K)
Result size: 431 (0K). Percentage of original: 74.826%

Optimizing source/img/1012-32x32.png
Filter strategy zero: 1026 bytes
Result is smaller
Input size: 1236 (1K)
Result size: 1026 (1K). Percentage of original: 83.010%

Optimizing source/img/1012-ogp.png
Block splitting last was better
Filter strategy entropy: 172698 bytes
Result is smaller
Input size: 181600 (177K)
Result size: 172698 (168K). Percentage of original: 95.098%

Optimizing source/img/1012-piet-x10.png
Block splitting last was better
Filter strategy zero: 1654 bytes
Result is smaller
Input size: 1836 (1K)
Result size: 1654 (1K). Percentage of original: 90.087%

Optimizing source/img/1012.png
Filter strategy predefined: 287878 bytes
Result is smaller
Input size: 302044 (294K)
Result size: 287878 (281K). Percentage of original: 95.310%

Optimizing source/img/1x1.png
Filter strategy zero: 67 bytes
Result is smaller
Input size: 117 (0K)
Result size: 67 (0K). Percentage of original: 57.265%

Optimizing source/img/OpenYo-16x16.png
Filter strategy zero: 78 bytes
Result is smaller
Input size: 83 (0K)
Result size: 78 (0K). Percentage of original: 93.976%

Optimizing source/img/OpenYo-64x64.png
Filter strategy zero: 86 bytes
Result has exact same size
Input size: 86 (0K)
Result size: 86 (0K). Percentage of original: 100.000%

Optimizing source/img/cc-by-sa_88x31.png
Filter strategy zero: 1409 bytes
Result is smaller
Input size: 1437 (1K)
Result size: 1409 (1K). Percentage of original: 98.051%

Optimizing source/img/feed.png
Filter strategy zero: 96 bytes
Result is smaller
Input size: 103 (0K)
Result size: 96 (0K). Percentage of original: 93.204%

Optimizing source/img/glider.png
Filter strategy zero: 196 bytes
Result is smaller
Input size: 197 (0K)
Result size: 196 (0K). Percentage of original: 99.492%

Optimizing source/img/glider20.png
Filter strategy zero: 153 bytes
Result is smaller
Input size: 213 (0K)
Result size: 153 (0K). Percentage of original: 71.831%

Optimizing source/img/headerMenu.png
Filter strategy zero: 500 bytes
Result is smaller
Input size: 692 (0K)
Result size: 500 (0K). Percentage of original: 72.254%

Optimizing source/img/OpenYo-20x20.png
Filter strategy one: 83 bytes
Result is smaller
Input size: 133 (0K)
Result size: 83 (0K). Percentage of original: 62.406%

Optimizing source/img/piet.png
Filter strategy zero: 175 bytes
Result is smaller
Input size: 263 (0K)
Result size: 175 (0K). Percentage of original: 66.540%

Optimizing source/lifepng/life/alive.png
Filter strategy zero: 102 bytes
Result is smaller
Input size: 106 (0K)
Result size: 102 (0K). Percentage of original: 96.226%

Optimizing source/lifepng/life/dead.png
Filter strategy zero: 68 bytes
Result is smaller
Input size: 71 (0K)
Result size: 68 (0K). Percentage of original: 95.775%

Optimizing source/lifepng/life/horizon.png
Filter strategy one: 74 bytes
Result is smaller
Input size: 76 (0K)
Result size: 74 (0K). Percentage of original: 97.368%

Optimizing source/lifepng/life/padding.png
Filter strategy zero: 72 bytes
Result is smaller
Input size: 79 (0K)
Result size: 72 (0K). Percentage of original: 91.139%

Optimizing source/lifepng/life/vertical.png
Filter strategy zero: 73 bytes
Result is smaller
Input size: 78 (0K)
Result size: 73 (0K). Percentage of original: 93.590%

Optimizing source/piet/images/c91/10out.png
Filter strategy zero: 1695 bytes
Result is smaller
Input size: 1880 (1K)
Result size: 1695 (1K). Percentage of original: 90.160%

Optimizing source/piet/images/c91/10out3.png
Filter strategy zero: 1983 bytes
Result is smaller
Input size: 2198 (2K)
Result size: 1983 (1K). Percentage of original: 90.218%

Optimizing source/piet/images/c91/10out4.png
Filter strategy zero: 2562 bytes
Result is smaller
Input size: 2790 (2K)
Result size: 2562 (2K). Percentage of original: 91.828%

Optimizing source/piet/images/c91/mig10.png
Filter strategy four: 38477 bytes
Result is smaller
Input size: 39836 (38K)
Result size: 38477 (37K). Percentage of original: 96.589%

Optimizing source/piet/images/c91/mig2.png-10.png
Filter strategy zero: 3678 bytes
Result is smaller
Input size: 3693 (3K)
Result size: 3678 (3K). Percentage of original: 99.594%

Optimizing source/piet/images/c91/mig3.png-10.png
Filter strategy zero: 1405 bytes
Result is smaller
Input size: 1517 (1K)
Result size: 1405 (1K). Percentage of original: 92.617%

Optimizing source/piet/images/c91/out6.png-10.png
Block splitting last was better
Filter strategy zero: 57086 bytes
Result is smaller
Input size: 59623 (58K)
Result size: 57086 (55K). Percentage of original: 95.745%

